TN:
SF:src/libs/features/feature-0/file.tsx
FN:7,createFeature0
FNF:1
FNH:1
FNDA:1,createFeature0
DA:8,1
LF:1
LH:1
BRF:0
BRH:0
end_of_record
TN:
SF:src/libs/features/feature-1/components/foo.tsx
FN:5,Foo
FNF:1
FNH:0
FNDA:0,Foo
DA:7,0
DA:8,0
LF:2
LH:0
BRF:0
BRH:0
end_of_record
TN:
SF:src/libs/features/feature-1/features/feature-3/feature-4.ts
FN:1,createFeature3
FN:8,(anonymous_1)
FN:14,(anonymous_2)
FNF:3
FNH:1
FNDA:1,createFeature3
FNDA:0,(anonymous_1)
FNDA:0,(anonymous_2)
DA:2,1
DA:9,0
DA:10,0
DA:12,0
DA:15,0
LF:5
LH:1
BRDA:9,0,0,0
BRDA:9,0,1,0
BRF:2
BRH:0
end_of_record
TN:
SF:src/libs/features/feature-1/features/feature-4/feature-4.ts
FN:4,createFeature4
FN:12,(anonymous_1)
FN:18,(anonymous_2)
FNF:3
FNH:1
FNDA:1,createFeature4
FNDA:0,(anonymous_1)
FNDA:0,(anonymous_2)
DA:5,1
DA:13,0
DA:14,0
DA:16,0
DA:19,0
LF:5
LH:1
BRDA:13,0,0,0
BRDA:13,0,1,0
BRF:2
BRH:0
end_of_record
TN:
SF:src/routes/route-1/features/feature-0/route-utils.ts
FN:4,handleRouteFeature0
FN:16,useLibsFeature0
FNF:2
FNH:0
FNDA:0,handleRouteFeature0
FNDA:0,useLibsFeature0
DA:5,0
DA:8,2
DA:17,0
LF:3
LH:1
BRF:0
BRH:0
end_of_record
TN:
SF:src/routes/route-1/features/feature-12-with-a-very-long-name-that-is-longer-than-sidebar/index.ts
FN:2,createFeature12
FN:9,(anonymous_1)
FN:15,(anonymous_2)
FNF:3
FNH:1
FNDA:1,createFeature12
FNDA:0,(anonymous_1)
FNDA:0,(anonymous_2)
DA:3,1
DA:10,0
DA:11,0
DA:13,0
DA:16,0
LF:5
LH:1
BRDA:10,0,0,0
BRDA:10,0,1,0
BRF:2
BRH:0
end_of_record
TN:
SF:src/routes/route-3/features/feature-4/feature-4.ts
FN:1,createFeature4
FN:8,(anonymous_1)
FN:14,(anonymous_2)
FNF:3
FNH:1
FNDA:1,createFeature4
FNDA:0,(anonymous_1)
FNDA:0,(anonymous_2)
DA:2,1
DA:9,0
DA:10,0
DA:12,0
DA:15,0
LF:5
LH:1
BRDA:9,0,0,0
BRDA:9,0,1,0
BRF:2
BRH:0
end_of_record
