TN:
SF:src/features/feature-1/lib.rs
FN:1,feature1_init
FN:10,feature1_process
FN:18,feature1_validate
FNDA:25,feature1_init
FNDA:20,feature1_process
FNDA:18,feature1_validate
FNF:3
FNH:3
DA:1,25
DA:2,25
DA:3,25
DA:5,25
DA:6,25
DA:7,25
DA:8,25
DA:10,20
DA:11,20
DA:12,20
BRDA:12,0,0,15
BRDA:12,0,1,5
DA:13,15
DA:14,15
DA:15,5
DA:16,20
DA:18,18
DA:19,18
DA:20,18
BRDA:20,0,0,10
BRDA:20,0,1,0
DA:21,10
DA:22,0
DA:23,18
LH:19
LF:20
BRH:3
BRF:4
end_of_record
TN:
SF:src/features/feature-1/mod.rs
FN:1,module_init
FN:4,module_handler
FNDA:30,module_init
FNDA:28,module_handler
FNF:2
FNH:2
DA:1,30
DA:2,30
DA:4,28
DA:5,28
DA:6,28
BRDA:6,0,0,20
BRDA:6,0,1,8
BRDA:6,1,0,20
BRDA:6,1,1,8
DA:7,20
DA:8,20
DA:9,8
DA:10,0
DA:12,28
LH:9
LF:10
BRH:3
BRF:4
end_of_record
TN:
SF:src/features/feature-2/lib.rs
FN:1,feature2_init
FN:8,feature2_execute
FN:15,feature2_cleanup
FNDA:12,feature2_init
FNDA:10,feature2_execute
FNDA:8,feature2_cleanup
FNF:3
FNH:3
DA:1,12
DA:2,12
DA:4,12
DA:5,12
DA:6,12
DA:8,10
DA:9,10
DA:10,10
BRDA:10,0,0,5
BRDA:10,0,1,0
DA:11,5
DA:12,0
DA:13,10
DA:15,8
DA:16,8
BRDA:16,0,0,4
BRDA:16,0,1,0
BRDA:16,1,0,4
BRDA:16,1,1,0
DA:17,4
DA:18,0
DA:19,0
DA:20,4
DA:22,8
DA:24,5
DA:25,0
DA:26,5
LH:17
LF:21
BRH:2
BRF:6
end_of_record
TN:
SF:src/main.rs
FN:5,main
FNDA:1,main
FNF:1
FNH:1
DA:1,1
DA:2,1
DA:3,1
DA:5,1
DA:6,1
DA:7,1
DA:8,1
DA:9,1
DA:10,1
DA:11,1
DA:12,0
DA:13,1
LH:11
LF:12
end_of_record
